# JRE version: Java(TM) SE Runtime Environment (8.0_371) (build 1.8.0_371-b11)
# Java VM: Java HotSpot(TM) 64-Bit Server VM (25.371-b11 mixed mode windows-amd64 compressed oops)
Heap:
 PSYoungGen      total 28672K, used 10520K [0x00000000e0400000, 0x00000000e2400000, 0x0000000100000000)
  eden space 24576K, 42% used [0x00000000e0400000,0x00000000e0e463e8,0x00000000e1c00000)
  from space 4096K, 0% used [0x00000000e1c00000,0x00000000e1c00000,0x00000000e2000000)
  to   space 4096K, 0% used [0x00000000e2000000,0x00000000e2000000,0x00000000e2400000)
 ParOldGen       total 47104K, used 1028K [0x00000000a0c00000, 0x00000000a3a00000, 0x00000000e0400000)
  object space 47104K, 2% used [0x00000000a0c00000,0x00000000a0d01000,0x00000000a3a00000)
 Metaspace       used 8668K, capacity 8838K, committed 9088K, reserved 1058816K
  class space    used 1016K, capacity 1093K, committed 1152K, reserved 1048576K
GC Heap History (4 events):
Event: 0.300 GC heap before
{Heap before GC invocations=1 (full 0):
 PSYoungGen      total 28672K, used 3932K [0x00000000e0400000, 0x00000000e2400000, 0x0000000100000000)
  eden space 24576K, 16% used [0x00000000e0400000,0x00000000e07d7128,0x00000000e1c00000)
  from space 4096K, 0% used [0x00000000e2000000,0x00000000e2000000,0x00000000e2400000)
  to   space 4096K, 0% used [0x00000000e1c00000,0x00000000e1c00000,0x00000000e2000000)
 ParOldGen       total 65536K, used 0K [0x00000000a0c00000, 0x00000000a4c00000, 0x00000000e0400000)
  object space 65536K, 0% used [0x00000000a0c00000,0x00000000a0c00000,0x00000000a4c00000)
 Metaspace       used 6903K, capacity 7034K, committed 7168K, reserved 1060864K
  class space    used 806K, capacity 899K, committed 1024K, reserved 1048576K
Event: 0.301 GC heap after
Heap after GC invocations=1 (full 0):
 PSYoungGen      total 28672K, used 1120K [0x00000000e0400000, 0x00000000e2400000, 0x0000000100000000)
  eden space 24576K, 0% used [0x00000000e0400000,0x00000000e0400000,0x00000000e1c00000)
  from space 4096K, 27% used [0x00000000e1c00000,0x00000000e1d18000,0x00000000e2000000)
  to   space 4096K, 0% used [0x00000000e2000000,0x00000000e2000000,0x00000000e2400000)
 ParOldGen       total 65536K, used 8K [0x00000000a0c00000, 0x00000000a4c00000, 0x00000000e0400000)
  object space 65536K, 0% used [0x00000000a0c00000,0x00000000a0c02000,0x00000000a4c00000)
 Metaspace       used 6903K, capacity 7034K, committed 7168K, reserved 1060864K
  class space    used 806K, capacity 899K, committed 1024K, reserved 1048576K
}
Event: 0.301 GC heap before
{Heap before GC invocations=2 (full 1):
 PSYoungGen      total 28672K, used 1120K [0x00000000e0400000, 0x00000000e2400000, 0x0000000100000000)
  eden space 24576K, 0% used [0x00000000e0400000,0x00000000e0400000,0x00000000e1c00000)
  from space 4096K, 27% used [0x00000000e1c00000,0x00000000e1d18000,0x00000000e2000000)
  to   space 4096K, 0% used [0x00000000e2000000,0x00000000e2000000,0x00000000e2400000)
 ParOldGen       total 65536K, used 8K [0x00000000a0c00000, 0x00000000a4c00000, 0x00000000e0400000)
  object space 65536K, 0% used [0x00000000a0c00000,0x00000000a0c02000,0x00000000a4c00000)
 Metaspace       used 6903K, capacity 7034K, committed 7168K, reserved 1060864K
  class space    used 806K, capacity 899K, committed 1024K, reserved 1048576K
Event: 0.310 GC heap after
Heap after GC invocations=2 (full 1):
 PSYoungGen      total 28672K, used 0K [0x00000000e0400000, 0x00000000e2400000, 0x0000000100000000)
  eden space 24576K, 0% used [0x00000000e0400000,0x00000000e0400000,0x00000000e1c00000)
  from space 4096K, 0% used [0x00000000e1c00000,0x00000000e1c00000,0x00000000e2000000)
  to   space 4096K, 0% used [0x00000000e2000000,0x00000000e2000000,0x00000000e2400000)
 ParOldGen       total 47104K, used 1028K [0x00000000a0c00000, 0x00000000a3a00000, 0x00000000e0400000)
  object space 47104K, 2% used [0x00000000a0c00000,0x00000000a0d01000,0x00000000a3a00000)
 Metaspace       used 6903K, capacity 7034K, committed 7168K, reserved 1058816K
  class space    used 806K, capacity 899K, committed 1024K, reserved 1048576K
}

